<?xml version="1.0" encoding="UTF-8"?>
<testsuite xmlns:xsi="http://www.w3.org/2001/XMLSchema-instance" xsi:noNamespaceSchemaLocation="https://maven.apache.org/surefire/maven-surefire-plugin/xsd/surefire-test-report.xsd" version="3.0.2" name="AlumnoDAOTest" time="1.787" tests="4" errors="4" skipped="0" failures="0">
  <properties>
[...]
</properties>
  <testcase name="testActualizar" classname="AlumnoDAOTest" time="1.201">
    <error message="ORA-00942: la tabla o vista no existe&#10;&#10;https://docs.oracle.com/error-help/db/ora-00942/" type="java.sql.SQLSyntaxErrorException"><![CDATA[java.sql.SQLSyntaxErrorException: 
ORA-00942: la tabla o vista no existe

https://docs.oracle.com/error-help/db/ora-00942/
	at oracle.jdbc.driver.T4CTTIoer11.processError(T4CTTIoer11.java:718)
	at oracle.jdbc.driver.T4CTTIoer11.processError(T4CTTIoer11.java:618)
	at oracle.jdbc.driver.T4C8Oall.processError(T4C8Oall.java:1372)
	at oracle.jdbc.driver.T4CTTIfun.receive(T4CTTIfun.java:975)
	at oracle.jdbc.driver.T4CTTIfun.doRPC(T4CTTIfun.java:237)
	at oracle.jdbc.driver.T4C8Oall.doOALL(T4C8Oall.java:524)
	at oracle.jdbc.driver.T4CPreparedStatement.doOall8(T4CPreparedStatement.java:298)
	at oracle.jdbc.driver.T4CPreparedStatement.executeForRows(T4CPreparedStatement.java:1510)
	at oracle.jdbc.driver.OracleStatement.executeSQLStatement(OracleStatement.java:2021)
	at oracle.jdbc.driver.OracleStatement.doExecuteWithTimeout(OracleStatement.java:1634)
	at oracle.jdbc.driver.OraclePreparedStatement.executeInternal(OraclePreparedStatement.java:3973)
	at oracle.jdbc.driver.OraclePreparedStatement.doExecuteLargeUpdate(OraclePreparedStatement.java:4339)
	at oracle.jdbc.driver.OraclePreparedStatement.executeLargeUpdate(OraclePreparedStatement.java:4316)
	at oracle.jdbc.driver.OraclePreparedStatement.executeUpdate(OraclePreparedStatement.java:4291)
	at oracle.jdbc.driver.OraclePreparedStatementWrapper.executeUpdate(OraclePreparedStatementWrapper.java:1007)
	at AlumnoDAOTest.limpiarDatosTest(AlumnoDAOTest.java:28)
	at AlumnoDAOTest.setUp(AlumnoDAOTest.java:16)
	at java.base/java.lang.reflect.Method.invoke(Method.java:580)
	at java.base/java.util.ArrayList.forEach(ArrayList.java:1596)
	at java.base/java.util.ArrayList.forEach(ArrayList.java:1596)
	Suppressed: java.sql.SQLSyntaxErrorException: ORA-00942: la tabla o vista no existe

https://docs.oracle.com/error-help/db/ora-00942/
		at oracle.jdbc.driver.T4CTTIoer11.processError(T4CTTIoer11.java:718)
		at oracle.jdbc.driver.T4CTTIoer11.processError(T4CTTIoer11.java:618)
		at oracle.jdbc.driver.T4C8Oall.processError(T4C8Oall.java:1372)
		at oracle.jdbc.driver.T4CTTIfun.receive(T4CTTIfun.java:975)
		at oracle.jdbc.driver.T4CTTIfun.doRPC(T4CTTIfun.java:237)
		at oracle.jdbc.driver.T4C8Oall.doOALL(T4C8Oall.java:524)
		at oracle.jdbc.driver.T4CPreparedStatement.doOall8(T4CPreparedStatement.java:298)
		at oracle.jdbc.driver.T4CPreparedStatement.executeForRows(T4CPreparedStatement.java:1510)
		at oracle.jdbc.driver.OracleStatement.executeSQLStatement(OracleStatement.java:2021)
		at oracle.jdbc.driver.OracleStatement.doExecuteWithTimeout(OracleStatement.java:1634)
		at oracle.jdbc.driver.OraclePreparedStatement.executeInternal(OraclePreparedStatement.java:3973)
		at oracle.jdbc.driver.OraclePreparedStatement.doExecuteLargeUpdate(OraclePreparedStatement.java:4339)
		at oracle.jdbc.driver.OraclePreparedStatement.executeLargeUpdate(OraclePreparedStatement.java:4316)
		at oracle.jdbc.driver.OraclePreparedStatement.executeUpdate(OraclePreparedStatement.java:4291)
		at oracle.jdbc.driver.OraclePreparedStatementWrapper.executeUpdate(OraclePreparedStatementWrapper.java:1007)
		at AlumnoDAOTest.limpiarDatosTest(AlumnoDAOTest.java:28)
		at AlumnoDAOTest.tearDown(AlumnoDAOTest.java:21)
		... 3 more
	Caused by: Error : 942, Position : 12, SQL = DELETE FROM ALUMNOS WHERE CLAVE LIKE 'T%', Original SQL = DELETE FROM ALUMNOS WHERE CLAVE LIKE 'T%', Error Message = ORA-00942: la tabla o vista no existe

		at oracle.jdbc.driver.T4CTTIoer11.processError(T4CTTIoer11.java:726)
		... 19 more
Caused by: Error : 942, Position : 12, SQL = DELETE FROM ALUMNOS WHERE CLAVE LIKE 'T%', Original SQL = DELETE FROM ALUMNOS WHERE CLAVE LIKE 'T%', Error Message = ORA-00942: la tabla o vista no existe

	at oracle.jdbc.driver.T4CTTIoer11.processError(T4CTTIoer11.java:726)
	... 19 more
]]></error>
  </testcase>
  <testcase name="testEliminar" classname="AlumnoDAOTest" time="0.157">
    <error message="ORA-00942: la tabla o vista no existe&#10;&#10;https://docs.oracle.com/error-help/db/ora-00942/" type="java.sql.SQLSyntaxErrorException"><![CDATA[java.sql.SQLSyntaxErrorException: 
ORA-00942: la tabla o vista no existe

https://docs.oracle.com/error-help/db/ora-00942/
	at oracle.jdbc.driver.T4CTTIoer11.processError(T4CTTIoer11.java:718)
	at oracle.jdbc.driver.T4CTTIoer11.processError(T4CTTIoer11.java:618)
	at oracle.jdbc.driver.T4C8Oall.processError(T4C8Oall.java:1372)
	at oracle.jdbc.driver.T4CTTIfun.receive(T4CTTIfun.java:975)
	at oracle.jdbc.driver.T4CTTIfun.doRPC(T4CTTIfun.java:237)
	at oracle.jdbc.driver.T4C8Oall.doOALL(T4C8Oall.java:524)
	at oracle.jdbc.driver.T4CPreparedStatement.doOall8(T4CPreparedStatement.java:298)
	at oracle.jdbc.driver.T4CPreparedStatement.executeForRows(T4CPreparedStatement.java:1510)
	at oracle.jdbc.driver.OracleStatement.executeSQLStatement(OracleStatement.java:2021)
	at oracle.jdbc.driver.OracleStatement.doExecuteWithTimeout(OracleStatement.java:1634)
	at oracle.jdbc.driver.OraclePreparedStatement.executeInternal(OraclePreparedStatement.java:3973)
	at oracle.jdbc.driver.OraclePreparedStatement.doExecuteLargeUpdate(OraclePreparedStatement.java:4339)
	at oracle.jdbc.driver.OraclePreparedStatement.executeLargeUpdate(OraclePreparedStatement.java:4316)
	at oracle.jdbc.driver.OraclePreparedStatement.executeUpdate(OraclePreparedStatement.java:4291)
	at oracle.jdbc.driver.OraclePreparedStatementWrapper.executeUpdate(OraclePreparedStatementWrapper.java:1007)
	at AlumnoDAOTest.limpiarDatosTest(AlumnoDAOTest.java:28)
	at AlumnoDAOTest.setUp(AlumnoDAOTest.java:16)
	at java.base/java.lang.reflect.Method.invoke(Method.java:580)
	at java.base/java.util.ArrayList.forEach(ArrayList.java:1596)
	at java.base/java.util.ArrayList.forEach(ArrayList.java:1596)
	Suppressed: java.sql.SQLSyntaxErrorException: ORA-00942: la tabla o vista no existe

https://docs.oracle.com/error-help/db/ora-00942/
		at oracle.jdbc.driver.T4CTTIoer11.processError(T4CTTIoer11.java:718)
		at oracle.jdbc.driver.T4CTTIoer11.processError(T4CTTIoer11.java:618)
		at oracle.jdbc.driver.T4C8Oall.processError(T4C8Oall.java:1372)
		at oracle.jdbc.driver.T4CTTIfun.receive(T4CTTIfun.java:975)
		at oracle.jdbc.driver.T4CTTIfun.doRPC(T4CTTIfun.java:237)
		at oracle.jdbc.driver.T4C8Oall.doOALL(T4C8Oall.java:524)
		at oracle.jdbc.driver.T4CPreparedStatement.doOall8(T4CPreparedStatement.java:298)
		at oracle.jdbc.driver.T4CPreparedStatement.executeForRows(T4CPreparedStatement.java:1510)
		at oracle.jdbc.driver.OracleStatement.executeSQLStatement(OracleStatement.java:2021)
		at oracle.jdbc.driver.OracleStatement.doExecuteWithTimeout(OracleStatement.java:1634)
		at oracle.jdbc.driver.OraclePreparedStatement.executeInternal(OraclePreparedStatement.java:3973)
		at oracle.jdbc.driver.OraclePreparedStatement.doExecuteLargeUpdate(OraclePreparedStatement.java:4339)
		at oracle.jdbc.driver.OraclePreparedStatement.executeLargeUpdate(OraclePreparedStatement.java:4316)
		at oracle.jdbc.driver.OraclePreparedStatement.executeUpdate(OraclePreparedStatement.java:4291)
		at oracle.jdbc.driver.OraclePreparedStatementWrapper.executeUpdate(OraclePreparedStatementWrapper.java:1007)
		at AlumnoDAOTest.limpiarDatosTest(AlumnoDAOTest.java:28)
		at AlumnoDAOTest.tearDown(AlumnoDAOTest.java:21)
		... 3 more
	Caused by: Error : 942, Position : 12, SQL = DELETE FROM ALUMNOS WHERE CLAVE LIKE 'T%', Original SQL = DELETE FROM ALUMNOS WHERE CLAVE LIKE 'T%', Error Message = ORA-00942: la tabla o vista no existe

		at oracle.jdbc.driver.T4CTTIoer11.processError(T4CTTIoer11.java:726)
		... 19 more
Caused by: Error : 942, Position : 12, SQL = DELETE FROM ALUMNOS WHERE CLAVE LIKE 'T%', Original SQL = DELETE FROM ALUMNOS WHERE CLAVE LIKE 'T%', Error Message = ORA-00942: la tabla o vista no existe

	at oracle.jdbc.driver.T4CTTIoer11.processError(T4CTTIoer11.java:726)
	... 19 more
]]></error>
  </testcase>
  <testcase name="testInsertarYBuscar" classname="AlumnoDAOTest" time="0.162">
    <error message="ORA-00942: la tabla o vista no existe&#10;&#10;https://docs.oracle.com/error-help/db/ora-00942/" type="java.sql.SQLSyntaxErrorException"><![CDATA[java.sql.SQLSyntaxErrorException: 
ORA-00942: la tabla o vista no existe

https://docs.oracle.com/error-help/db/ora-00942/
	at oracle.jdbc.driver.T4CTTIoer11.processError(T4CTTIoer11.java:718)
	at oracle.jdbc.driver.T4CTTIoer11.processError(T4CTTIoer11.java:618)
	at oracle.jdbc.driver.T4C8Oall.processError(T4C8Oall.java:1372)
	at oracle.jdbc.driver.T4CTTIfun.receive(T4CTTIfun.java:975)
	at oracle.jdbc.driver.T4CTTIfun.doRPC(T4CTTIfun.java:237)
	at oracle.jdbc.driver.T4C8Oall.doOALL(T4C8Oall.java:524)
	at oracle.jdbc.driver.T4CPreparedStatement.doOall8(T4CPreparedStatement.java:298)
	at oracle.jdbc.driver.T4CPreparedStatement.executeForRows(T4CPreparedStatement.java:1510)
	at oracle.jdbc.driver.OracleStatement.executeSQLStatement(OracleStatement.java:2021)
	at oracle.jdbc.driver.OracleStatement.doExecuteWithTimeout(OracleStatement.java:1634)
	at oracle.jdbc.driver.OraclePreparedStatement.executeInternal(OraclePreparedStatement.java:3973)
	at oracle.jdbc.driver.OraclePreparedStatement.doExecuteLargeUpdate(OraclePreparedStatement.java:4339)
	at oracle.jdbc.driver.OraclePreparedStatement.executeLargeUpdate(OraclePreparedStatement.java:4316)
	at oracle.jdbc.driver.OraclePreparedStatement.executeUpdate(OraclePreparedStatement.java:4291)
	at oracle.jdbc.driver.OraclePreparedStatementWrapper.executeUpdate(OraclePreparedStatementWrapper.java:1007)
	at AlumnoDAOTest.limpiarDatosTest(AlumnoDAOTest.java:28)
	at AlumnoDAOTest.setUp(AlumnoDAOTest.java:16)
	at java.base/java.lang.reflect.Method.invoke(Method.java:580)
	at java.base/java.util.ArrayList.forEach(ArrayList.java:1596)
	at java.base/java.util.ArrayList.forEach(ArrayList.java:1596)
	Suppressed: java.sql.SQLSyntaxErrorException: ORA-00942: la tabla o vista no existe

https://docs.oracle.com/error-help/db/ora-00942/
		at oracle.jdbc.driver.T4CTTIoer11.processError(T4CTTIoer11.java:718)
		at oracle.jdbc.driver.T4CTTIoer11.processError(T4CTTIoer11.java:618)
		at oracle.jdbc.driver.T4C8Oall.processError(T4C8Oall.java:1372)
		at oracle.jdbc.driver.T4CTTIfun.receive(T4CTTIfun.java:975)
		at oracle.jdbc.driver.T4CTTIfun.doRPC(T4CTTIfun.java:237)
		at oracle.jdbc.driver.T4C8Oall.doOALL(T4C8Oall.java:524)
		at oracle.jdbc.driver.T4CPreparedStatement.doOall8(T4CPreparedStatement.java:298)
		at oracle.jdbc.driver.T4CPreparedStatement.executeForRows(T4CPreparedStatement.java:1510)
		at oracle.jdbc.driver.OracleStatement.executeSQLStatement(OracleStatement.java:2021)
		at oracle.jdbc.driver.OracleStatement.doExecuteWithTimeout(OracleStatement.java:1634)
		at oracle.jdbc.driver.OraclePreparedStatement.executeInternal(OraclePreparedStatement.java:3973)
		at oracle.jdbc.driver.OraclePreparedStatement.doExecuteLargeUpdate(OraclePreparedStatement.java:4339)
		at oracle.jdbc.driver.OraclePreparedStatement.executeLargeUpdate(OraclePreparedStatement.java:4316)
		at oracle.jdbc.driver.OraclePreparedStatement.executeUpdate(OraclePreparedStatement.java:4291)
		at oracle.jdbc.driver.OraclePreparedStatementWrapper.executeUpdate(OraclePreparedStatementWrapper.java:1007)
		at AlumnoDAOTest.limpiarDatosTest(AlumnoDAOTest.java:28)
		at AlumnoDAOTest.tearDown(AlumnoDAOTest.java:21)
		... 3 more
	Caused by: Error : 942, Position : 12, SQL = DELETE FROM ALUMNOS WHERE CLAVE LIKE 'T%', Original SQL = DELETE FROM ALUMNOS WHERE CLAVE LIKE 'T%', Error Message = ORA-00942: la tabla o vista no existe

		at oracle.jdbc.driver.T4CTTIoer11.processError(T4CTTIoer11.java:726)
		... 19 more
Caused by: Error : 942, Position : 12, SQL = DELETE FROM ALUMNOS WHERE CLAVE LIKE 'T%', Original SQL = DELETE FROM ALUMNOS WHERE CLAVE LIKE 'T%', Error Message = ORA-00942: la tabla o vista no existe

	at oracle.jdbc.driver.T4CTTIoer11.processError(T4CTTIoer11.java:726)
	... 19 more
]]></error>
  </testcase>
  <testcase name="testListar" classname="AlumnoDAOTest" time="0.199">
    <error message="ORA-00942: la tabla o vista no existe&#10;&#10;https://docs.oracle.com/error-help/db/ora-00942/" type="java.sql.SQLSyntaxErrorException"><![CDATA[java.sql.SQLSyntaxErrorException: 
ORA-00942: la tabla o vista no existe

https://docs.oracle.com/error-help/db/ora-00942/
	at oracle.jdbc.driver.T4CTTIoer11.processError(T4CTTIoer11.java:718)
	at oracle.jdbc.driver.T4CTTIoer11.processError(T4CTTIoer11.java:618)
	at oracle.jdbc.driver.T4C8Oall.processError(T4C8Oall.java:1372)
	at oracle.jdbc.driver.T4CTTIfun.receive(T4CTTIfun.java:975)
	at oracle.jdbc.driver.T4CTTIfun.doRPC(T4CTTIfun.java:237)
	at oracle.jdbc.driver.T4C8Oall.doOALL(T4C8Oall.java:524)
	at oracle.jdbc.driver.T4CPreparedStatement.doOall8(T4CPreparedStatement.java:298)
	at oracle.jdbc.driver.T4CPreparedStatement.executeForRows(T4CPreparedStatement.java:1510)
	at oracle.jdbc.driver.OracleStatement.executeSQLStatement(OracleStatement.java:2021)
	at oracle.jdbc.driver.OracleStatement.doExecuteWithTimeout(OracleStatement.java:1634)
	at oracle.jdbc.driver.OraclePreparedStatement.executeInternal(OraclePreparedStatement.java:3973)
	at oracle.jdbc.driver.OraclePreparedStatement.doExecuteLargeUpdate(OraclePreparedStatement.java:4339)
	at oracle.jdbc.driver.OraclePreparedStatement.executeLargeUpdate(OraclePreparedStatement.java:4316)
	at oracle.jdbc.driver.OraclePreparedStatement.executeUpdate(OraclePreparedStatement.java:4291)
	at oracle.jdbc.driver.OraclePreparedStatementWrapper.executeUpdate(OraclePreparedStatementWrapper.java:1007)
	at AlumnoDAOTest.limpiarDatosTest(AlumnoDAOTest.java:28)
	at AlumnoDAOTest.setUp(AlumnoDAOTest.java:16)
	at java.base/java.lang.reflect.Method.invoke(Method.java:580)
	at java.base/java.util.ArrayList.forEach(ArrayList.java:1596)
	at java.base/java.util.ArrayList.forEach(ArrayList.java:1596)
	Suppressed: java.sql.SQLSyntaxErrorException: ORA-00942: la tabla o vista no existe

https://docs.oracle.com/error-help/db/ora-00942/
		at oracle.jdbc.driver.T4CTTIoer11.processError(T4CTTIoer11.java:718)
		at oracle.jdbc.driver.T4CTTIoer11.processError(T4CTTIoer11.java:618)
		at oracle.jdbc.driver.T4C8Oall.processError(T4C8Oall.java:1372)
		at oracle.jdbc.driver.T4CTTIfun.receive(T4CTTIfun.java:975)
		at oracle.jdbc.driver.T4CTTIfun.doRPC(T4CTTIfun.java:237)
		at oracle.jdbc.driver.T4C8Oall.doOALL(T4C8Oall.java:524)
		at oracle.jdbc.driver.T4CPreparedStatement.doOall8(T4CPreparedStatement.java:298)
		at oracle.jdbc.driver.T4CPreparedStatement.executeForRows(T4CPreparedStatement.java:1510)
		at oracle.jdbc.driver.OracleStatement.executeSQLStatement(OracleStatement.java:2021)
		at oracle.jdbc.driver.OracleStatement.doExecuteWithTimeout(OracleStatement.java:1634)
		at oracle.jdbc.driver.OraclePreparedStatement.executeInternal(OraclePreparedStatement.java:3973)
		at oracle.jdbc.driver.OraclePreparedStatement.doExecuteLargeUpdate(OraclePreparedStatement.java:4339)
		at oracle.jdbc.driver.OraclePreparedStatement.executeLargeUpdate(OraclePreparedStatement.java:4316)
		at oracle.jdbc.driver.OraclePreparedStatement.executeUpdate(OraclePreparedStatement.java:4291)
		at oracle.jdbc.driver.OraclePreparedStatementWrapper.executeUpdate(OraclePreparedStatementWrapper.java:1007)
		at AlumnoDAOTest.limpiarDatosTest(AlumnoDAOTest.java:28)
		at AlumnoDAOTest.tearDown(AlumnoDAOTest.java:21)
		... 3 more
	Caused by: Error : 942, Position : 12, SQL = DELETE FROM ALUMNOS WHERE CLAVE LIKE 'T%', Original SQL = DELETE FROM ALUMNOS WHERE CLAVE LIKE 'T%', Error Message = ORA-00942: la tabla o vista no existe

		at oracle.jdbc.driver.T4CTTIoer11.processError(T4CTTIoer11.java:726)
		... 19 more
Caused by: Error : 942, Position : 12, SQL = DELETE FROM ALUMNOS WHERE CLAVE LIKE 'T%', Original SQL = DELETE FROM ALUMNOS WHERE CLAVE LIKE 'T%', Error Message = ORA-00942: la tabla o vista no existe

	at oracle.jdbc.driver.T4CTTIoer11.processError(T4CTTIoer11.java:726)
	... 19 more
]]></error>
  </testcase>
</testsuite>